Determining if the pthread_create exist failed with the following output:
Change Dir: /home/glazz/code/vanttec_uv_sim/uuv_perception/build/CMakeFiles/CMakeTmp

Run Build Command:"/usr/bin/make" "cmTC_e774b/fast"
/usr/bin/make -f CMakeFiles/cmTC_e774b.dir/build.make CMakeFiles/cmTC_e774b.dir/build
make[1]: Entering directory '/home/glazz/code/vanttec_uv_sim/uuv_perception/build/CMakeFiles/CMakeTmp'
Building C object CMakeFiles/cmTC_e774b.dir/CheckSymbolExists.c.o
/usr/bin/cc     -o CMakeFiles/cmTC_e774b.dir/CheckSymbolExists.c.o   -c /home/glazz/code/vanttec_uv_sim/uuv_perception/build/CMakeFiles/CMakeTmp/CheckSymbolExists.c
Linking C executable cmTC_e774b
/usr/bin/cmake -E cmake_link_script CMakeFiles/cmTC_e774b.dir/link.txt --verbose=1
/usr/bin/cc       CMakeFiles/cmTC_e774b.dir/CheckSymbolExists.c.o  -o cmTC_e774b -rdynamic 
CMakeFiles/cmTC_e774b.dir/CheckSymbolExists.c.o: In function `main':
CheckSymbolExists.c:(.text+0x16): undefined reference to `pthread_create'
collect2: error: ld returned 1 exit status
CMakeFiles/cmTC_e774b.dir/build.make:97: recipe for target 'cmTC_e774b' failed
make[1]: *** [cmTC_e774b] Error 1
make[1]: Leaving directory '/home/glazz/code/vanttec_uv_sim/uuv_perception/build/CMakeFiles/CMakeTmp'
Makefile:126: recipe for target 'cmTC_e774b/fast' failed
make: *** [cmTC_e774b/fast] Error 2

File /home/glazz/code/vanttec_uv_sim/uuv_perception/build/CMakeFiles/CMakeTmp/CheckSymbolExists.c:
/* */
#include <pthread.h>

int main(int argc, char** argv)
{
  (void)argv;
#ifndef pthread_create
  return ((int*)(&pthread_create))[argc];
#else
  (void)argc;
  return 0;
#endif
}

Determining if the function pthread_create exists in the pthreads failed with the following output:
Change Dir: /home/glazz/code/vanttec_uv_sim/uuv_perception/build/CMakeFiles/CMakeTmp

Run Build Command:"/usr/bin/make" "cmTC_4fc5b/fast"
/usr/bin/make -f CMakeFiles/cmTC_4fc5b.dir/build.make CMakeFiles/cmTC_4fc5b.dir/build
make[1]: Entering directory '/home/glazz/code/vanttec_uv_sim/uuv_perception/build/CMakeFiles/CMakeTmp'
Building C object CMakeFiles/cmTC_4fc5b.dir/CheckFunctionExists.c.o
/usr/bin/cc    -DCHECK_FUNCTION_EXISTS=pthread_create   -o CMakeFiles/cmTC_4fc5b.dir/CheckFunctionExists.c.o   -c /usr/share/cmake-3.5/Modules/CheckFunctionExists.c
Linking C executable cmTC_4fc5b
/usr/bin/cmake -E cmake_link_script CMakeFiles/cmTC_4fc5b.dir/link.txt --verbose=1
/usr/bin/cc   -DCHECK_FUNCTION_EXISTS=pthread_create    CMakeFiles/cmTC_4fc5b.dir/CheckFunctionExists.c.o  -o cmTC_4fc5b -rdynamic -lpthreads 
/usr/bin/ld: cannot find -lpthreads
collect2: error: ld returned 1 exit status
CMakeFiles/cmTC_4fc5b.dir/build.make:97: recipe for target 'cmTC_4fc5b' failed
make[1]: *** [cmTC_4fc5b] Error 1
make[1]: Leaving directory '/home/glazz/code/vanttec_uv_sim/uuv_perception/build/CMakeFiles/CMakeTmp'
Makefile:126: recipe for target 'cmTC_4fc5b/fast' failed
make: *** [cmTC_4fc5b/fast] Error 2


